<?xml version="1.0" encoding="UTF-8"?>
<!-- Generated by org.testng.reporters.JUnitReportReporter -->
<testsuite hostname="Ani" failures="0" tests="5" name="vezbaZadatak.Pokretac" time="6.944" errors="0" timestamp="2020-07-17T12:54:50 CEST" skipped="0">
  <testcase classname="vezbaZadatak.Pokretac" name="registracijaKorisnika" time="2.695"/>
  <system-out/>
  <testcase classname="vezbaZadatak.Pokretac" name="potvrdaKorisnika" time="0.473"/>
  <system-out/>
  <testcase classname="vezbaZadatak.Pokretac" name="logovanje" time="1.618"/>
  <system-out/>
  <testcase classname="vezbaZadatak.Pokretac" name="search" time="1.334"/>
  <system-out/>
  <testcase classname="vezbaZadatak.Pokretac" name="unesiKorisnika" time="0.824"/>
  <system-out/>
</testsuite> <!-- vezbaZadatak.Pokretac -->
