<?xml version="1.0" encoding="UTF-8"?>
<!-- Generated by org.testng.reporters.JUnitReportReporter -->
<testsuite hostname="Ani" failures="0" tests="5" name="zadatakHobbyRC.Tests" time="7.599" errors="0" timestamp="2020-07-17T13:25:02 CEST" skipped="0">
  <testcase classname="zadatakHobbyRC.Tests" name="userRegistration" time="2.329"/>
  <system-out/>
  <testcase classname="zadatakHobbyRC.Tests" name="newUserRegistrated" time="0.598"/>
  <system-out/>
  <testcase classname="zadatakHobbyRC.Tests" name="logIn" time="2.704"/>
  <system-out/>
  <testcase classname="zadatakHobbyRC.Tests" name="search" time="1.166"/>
  <system-out/>
  <testcase classname="zadatakHobbyRC.Tests" name="enterUNAndPss" time="0.802"/>
  <system-out/>
</testsuite> <!-- zadatakHobbyRC.Tests -->
