<?xml version="1.0" encoding="UTF-8"?>
<!-- Generated by org.testng.reporters.JUnitReportReporter -->
<testsuite hostname="Ani" failures="0" tests="2" name="testClases.TestNGEnableTimeout" time="0.213" errors="0" timestamp="2020-07-15T22:07:27 CEST" skipped="1">
  <testcase classname="testClases.TestNGEnableTimeout" name="testMethod2" time="0.213"/>
  <system-out/>
  <testcase classname="testClases.TestNGEnableTimeout" name="testMethod1">
    <skipped/>
  </testcase> <!-- testMethod1 -->
  <system-out/>
</testsuite> <!-- testClases.TestNGEnableTimeout -->
