<?xml version="1.0" encoding="UTF-8"?>
<!-- Generated by org.testng.reporters.JUnitReportReporter -->
<testsuite hostname="Ani" failures="0" tests="2" name="testClases.TestNgTestClass2" time="0.008" errors="0" timestamp="2020-07-15T22:07:27 CEST" skipped="0">
  <testcase classname="testClases.TestNgTestClass2" name="testMethod1" time="0.005"/>
  <system-out/>
  <testcase classname="testClases.TestNgTestClass2" name="testMethod2" time="0.003"/>
  <system-out/>
</testsuite> <!-- testClases.TestNgTestClass2 -->
