<?xml version="1.0" encoding="UTF-8"?>
<!-- Generated by org.testng.reporters.JUnitReportReporter -->
<testsuite hostname="Ani" failures="0" tests="6" name="vezbaZadatak.Pokretac2" time="0.000" errors="0" timestamp="2020-07-16T17:36:11 CEST" skipped="6">
  <testcase classname="vezbaZadatak.Pokretac2" name="potvrdaKorisnika" time="0.000">
    <skipped/>
  </testcase> <!-- potvrdaKorisnika -->
  <system-out/>
  <testcase classname="vezbaZadatak.Pokretac2" name="logovanje" time="0.000">
    <skipped/>
  </testcase> <!-- logovanje -->
  <system-out/>
  <testcase classname="vezbaZadatak.Pokretac2" name="unesiKorisnika" time="0.000">
    <skipped/>
  </testcase> <!-- unesiKorisnika -->
  <system-out/>
  <testcase classname="vezbaZadatak.Pokretac2" name="registracijaKorisnika" time="0.000">
    <skipped/>
  </testcase> <!-- registracijaKorisnika -->
  <system-out/>
  <testcase classname="vezbaZadatak.Pokretac2" name="registracija" time="0.000">
    <skipped/>
  </testcase> <!-- registracija -->
  <system-out/>
  <testcase classname="vezbaZadatak.Pokretac2" name="logOut" time="0.000">
    <skipped/>
  </testcase> <!-- logOut -->
  <system-out/>
</testsuite> <!-- vezbaZadatak.Pokretac2 -->
